<?xml version="1.0" encoding="UTF-8"?>
<testsuite xmlns:xsi="http://www.w3.org/2001/XMLSchema-instance" xsi:noNamespaceSchemaLocation="https://maven.apache.org/surefire/maven-surefire-plugin/xsd/surefire-test-report-3.0.xsd" version="3.0" name="com.game.GameBoardTest" time="0.001" tests="7" errors="0" skipped="0" failures="0">
  <properties>
[...]
</properties>
  <testcase name="testCheckWinHorizontal" classname="com.game.GameBoardTest" time="0.0"/>
  <testcase name="testCheckWinDiagonal" classname="com.game.GameBoardTest" time="0.0"/>
  <testcase name="testInvalidMove" classname="com.game.GameBoardTest" time="0.0"/>
  <testcase name="testCheckWinVertical" classname="com.game.GameBoardTest" time="0.0"/>
  <testcase name="testMakeMove" classname="com.game.GameBoardTest" time="0.0"/>
  <testcase name="testCheckFull" classname="com.game.GameBoardTest" time="0.0"/>
  <testcase name="testInitialEmptyBoard" classname="com.game.GameBoardTest" time="0.0"/>
</testsuite>